make.exe all --print-data-base --no-builtin-variables --no-builtin-rules --question
make: *** No rule to make target 'all'.  Stop.
 
# GNU Make 4.3
# Built for Windows32
# Copyright (C) 1988-2020 Free Software Foundation, Inc.
# License GPLv3+: GNU GPL version 3 or later <http://gnu.org/licenses/gpl.html>
# This is free software: you are free to change and redistribute it.
# There is NO WARRANTY, to the extent permitted by law.

# Make data base, printed on Sat Feb 12 17:26:00 2022

# Variables

# environment
SYSTEMDRIVE = C:
# environment
LC_ALL = C
# makefile (from 'Makefile', line 31)
SRC = $(MAIN_APP).c
# environment
USERPROFILE = C:\Users\Rokas
# environment
VBOX_MSI_INSTALL_PATH = C:\Program Files\Oracle\VirtualBox\
# environment
LOCALAPPDATA = C:\Users\Rokas\AppData\Local
# environment
VSCODE_IPC_HOOK_EXTHOST = \\.\pipe\vscode-ipc-0d594ffa-2061-4440-b793-a3c7119f528c-sock
# environment
VSCODE_CWD = C:\Users\Rokas\AppData\Local\Programs\Microsoft VS Code
# makefile (from 'Makefile', line 2)
MAIN_APP = main
# environment
CARBON_MEM_DISABLE = 1
# environment
CHOCOLATEYINSTALL = C:\ProgramData\chocolatey
# environment
SYSTEMROOT = C:\WINDOWS
# environment
PROCESSOR_LEVEL = 6
# environment
PSMODULEPATH = C:\Program Files\WindowsPowerShell\Modules;C:\WINDOWS\system32\WindowsPowerShell\v1.0\Modules
# default
MAKE_COMMAND := C:/ProgramData/chocolatey/lib/make/tools/install/bin/make.exe
# environment
GOPATH = C:\Users\Rokas\go
# automatic
@D = $(patsubst %/,%,$(patsubst %\,%,$(dir $@)))
# environment
CHROME_CRASHPAD_PIPE_NAME = \\.\pipe\crashpad_8240_KAMOZCOICLUTTDVV
# environment
ONEDRIVECOMMERCIAL = C:\Users\Rokas\ViaUC
# environment
VSCODE_HANDLES_UNCAUGHT_ERRORS = true
# default
.VARIABLES := 
# automatic
%D = $(patsubst %/,%,$(patsubst %\,%,$(dir $%)))
# automatic
^D = $(patsubst %/,%,$(patsubst %\,%,$(dir $^)))
# environment
VSCODE_LOG_STACK = false
# automatic
%F = $(notdir $%)
# environment
VSCODE_CODE_CACHE_PATH = C:\Users\Rokas\AppData\Roaming\Code\CachedData\f80445acd5a3dadef24aa209168452a3d97cc326
# environment
LANG = C
# default
.LOADED := 
# environment
TMP = C:\Users\Rokas\AppData\Local\Temp
# default
.INCLUDE_DIRS = .
# environment
PROCESSOR_ARCHITEW6432 = AMD64
# makefile
MAKEFLAGS = pqrR
# environment
ONEDRIVE = C:\Users\Rokas\ViaUC
# makefile
CURDIR := c:/Users/Rokas/Desktop/SEMESTERS/7Semester/HWP1/Session1
# environment
VSCODE_PIPE_LOGGING = true
# environment
APPLICATION_INSIGHTS_NO_DIAGNOSTIC_CHANNEL = 1
# automatic
*D = $(patsubst %/,%,$(patsubst %\,%,$(dir $*)))
# environment
PROGRAMFILES = C:\Program Files (x86)
# environment
MFLAGS = -pqrR
# default
.SHELLFLAGS := -c
# environment
COMMONPROGRAMW6432 = C:\Program Files\Common Files
# automatic
+D = $(patsubst %/,%,$(patsubst %\,%,$(dir $+)))
# makefile (from 'Makefile', line 1)
MAKEFILE_LIST := Makefile
# automatic
@F = $(notdir $@)
# environment
VSCODE_VERBOSE_LOGGING = true
# environment
VSCODE_PID = 8240
# automatic
?D = $(patsubst %/,%,$(patsubst %\,%,$(dir $?)))
# makefile (from 'Makefile', line 4)
MAIN_HEX_PATH = C:\Users\Rokas\Desktop\SEMESTERS\7Semester\HWP1\Session1\$(MAIN_APP).hex
# automatic
*F = $(notdir $*)
# environment
QT_QPA_PLATFORM_PLUGIN_PATH = C:\dev\ros2_foxy\bin\platforms
# automatic
<D = $(patsubst %/,%,$(patsubst %\,%,$(dir $<)))
# environment
VSCODE_NLS_CONFIG = {"locale":"en-gb","availableLanguages":{},"_languagePackSupport":true}
# makefile (from 'Makefile', line 35)
INCLUDE = -I. 
# environment
ONEDRIVECONSUMER = C:\Users\Rokas\OneDrive
# default
MAKE_HOST := Windows32
# environment
PROGRAMDATA = C:\ProgramData
# default
SHELL := sh.exe
# environment
HOMEPATH = \Users\Rokas
# environment
PLATFORMIO_CALLER = vscode
# default
MAKECMDGOALS := all
# environment
DRIVERDATA = C:\Windows\System32\Drivers\DriverData
# environment
COMSPEC = C:\WINDOWS\system32\cmd.exe
# environment
WINDIR = C:\WINDOWS
# environment
MAKELEVEL := 0
# default
MAKE = $(MAKE_COMMAND)
# environment
PATH = C:\Program Files\Python39\Scripts\;C:\Program Files\Python39\;C:\Program Files\AdoptOpenJDK\jdk-11.0.11.9-hotspot\bin;C:\WINDOWS\system32;C:\WINDOWS;C:\WINDOWS\System32\Wbem;C:\WINDOWS\System32\WindowsPowerShell\v1.0\;C:\WINDOWS\System32\OpenSSH\;C:\Program Files\dotnet\;C:\Program Files\Microsoft SQL Server\130\Tools\Binn\;C:\Program Files\Microsoft SQL Server\Client SDK\ODBC\170\Tools\Binn\;C:\Program Files\nodejs\;C:\Program Files\Git\cmd;C:\ProgramData\chocolatey\bin;C:\ProgramData\chocolatey\lib\cunit\lib;C:\ProgramData\chocolatey\lib\tinyxml2\lib;C:\ProgramData\chocolatey\lib\log4cxx\lib;C:\ProgramData\chocolatey\lib\bullet\lib;C:\Program Files (x86)\PWPW\;C:\Program Files\PWPW\;C:\Program Files (x86)\Windows Kits\10\Windows Performance Toolkit\;C:\Program Files\PuTTY\;C:\Program Files (x86)\STMicroelectronics\STM32 ST-LINK Utility\ST-LINK Utility;C:\terraform;C:\Program Files\Docker\Docker\resources\bin;C:\ProgramData\DockerDesktop\version-bin;C:\Program Files\MATLAB\R2021b\bin;C:\Program Files\Go\bin;C:\Program Files (x86)\Atmel\Studio\7.0\toolchain\avr8\avr8-gnu-toolchain\bin;C:\Program Files (x86)\Arduino\hardware\tools\avr\bin;C:\Users\Rokas\.cargo\bin;C:\Users\Rokas\AppData\Local\Microsoft\WindowsApps;C:\Users\Rokas\AppData\Local\GitHubDesktop\bin;C:\Users\Rokas\.dotnet\tools;C:\Users\Rokas\AppData\Roaming\npm;C:\Program Files\JetBrains\PyCharm Community Edition 2020.3.3\bin;;C:\Program Files\OpenSSL-Win64\bin\;C:\opencv\x64\vc16\bin;C:\Program Files\CMake\bin;C:\Users\Rokas\AppData\Local\Programs\Microsoft VS Code\bin;C:\terraform;C:\Users\Rokas\go\bin;C:\Program Files (x86)\Atmel\Studio\7.0\toolchain\avr8\avr8-gnu-toolchain\bin;C:\Program Files (x86)\Arduino\hardware\tools\avr\bin;
# environment
ZES_ENABLE_SYSMAN = 1
# environment
COMPUTERNAME = DESKTOP-DV7J4R9
# default
MAKEFILES := 
# automatic
^F = $(notdir $^)
# environment
PROMPT = $P$G
# environment
CHOCOLATEYLASTPATHUPDATE = 132604771478822110
# environment
LOGONSERVER = \\DESKTOP-DV7J4R9
# environment
VSCODE_LOG_NATIVE = false
# environment
USERNAME = Rokas
# environment
COMMONPROGRAMFILES = C:\Program Files 
 (x86)\Common Files
# automatic
?F = $(notdir $?)
# environment
PROGRAMW6432 = C:\Program Files
# environment
NO_PROXY = 127.0.0.1
# environment
PATHEXT = .COM;.EXE;.BAT;.CMD;.VBS;.VBE;.JS;.JSE;.WSF;.WSH;.MSC;.PY;.PYW
# automatic
+F = $(notdir $+)
# environment
ORIGINAL_XDG_CURRENT_DESKTOP = undefined
# environment
USERDOMAIN = DESKTOP-DV7J4R9
# 'override' directive
GNUMAKEFLAGS := 
# environment
OS = Windows_NT
# environment
PLATFORMIO_PATH = C:\Users\Rokas\.platformio\penv\Scripts;C:\Users\Rokas\.platformio\penv;C:\Users\Rokas\.platformio\python3;C:\Program Files\Python39\Scripts\;C:\Program Files\Python39\;C:\Program Files\AdoptOpenJDK\jdk-11.0.11.9-hotspot\bin;C:\WINDOWS\system32;C:\WINDOWS;C:\WINDOWS\System32\Wbem;C:\WINDOWS\System32\WindowsPowerShell\v1.0\;C:\WINDOWS\System32\OpenSSH\;C:\Program Files\dotnet\;C:\Program Files\Microsoft SQL Server\130\Tools\Binn\;C:\Program Files\Microsoft SQL Server\Client SDK\ODBC\170\Tools\Binn\;C:\Program Files\nodejs\;C:\Program Files\Git\cmd;C:\ProgramData\chocolatey\bin;C:\ProgramData\chocolatey\lib\cunit\lib;C:\ProgramData\chocolatey\lib\tinyxml2\lib;C:\ProgramData\chocolatey\lib\log4cxx\lib;C:\ProgramData\chocolatey\lib\bullet\lib;C:\Program Files (x86)\PWPW\;C:\Program Files\PWPW\;C:\Program Files (x86)\Windows Kits\10\Windows Performance Toolkit\;C:\Program Files\PuTTY\;C:\Program Files (x86)\STMicroelectronics\STM32 ST-LINK Utility\ST-LINK Utility;C:\terraform;C:\Program Files\Docker\Docker\resources\bin;C:\ProgramData\DockerDesktop\version-bin;C:\Program Files\MATLAB\R2021b\bin;C:\Program Files\Go\bin;C:\Program Files (x86)\Atmel\Studio\7.0\toolchain\avr8\avr8-gnu-toolchain\bin;C:\Program Files (x86)\Arduino\hardware\tools\avr\bin;C:\Users\Rokas\.cargo\bin;C:\Users\Rokas\AppData\Local\Microsoft\WindowsApps;C:\Users\Rokas\AppData\Local\GitHubDesktop\bin;C:\Users\Rokas\.dotnet\tools;C:\Users\Rokas\AppData\Roaming\npm;C:\Program Files\JetBrains\PyCharm Community Edition 2020.3.3\bin;;C:\Program Files\OpenSSL-Win64\bin\;C:\opencv\x64\vc16\bin;C:\Program Files\CMake\bin;C:\Users\Rokas\AppData\Local\Programs\Microsoft VS Code\bin;C:\terraform;C:\Users\Rokas\go\bin;C:\Program Files (x86)\Atmel\Studio\7.0\toolchain\avr8\avr8-gnu-toolchain\bin;C:\Program Files (x86)\Arduino\hardware\tools\avr\bin;;C:\Program Files\Python39\Scripts\;C:\Program Files\Python39\;C:\Program Files\AdoptOpenJDK\jdk-11.0.11.9-hotspot\bin;C:\WINDOWS\system32;C:\WINDOWS;C:\WINDOWS\System32\Wbem;C:\WINDOWS\System32\WindowsPowerShell\v1.0\;C:\WINDOWS\System32\OpenSSH\;C:\Program Files\dotnet\;C:\Program Files\Microsoft SQL Server\130\Tools\Binn\;C:\Program Files\Microsoft SQL Server\Client SDK\ODBC\170\Tools\Binn\;C:\Program Files\nodejs\;C:\Program Files\Git\cmd;C:\ProgramData\chocolatey\bin;C:\ProgramData\chocolatey\lib\cunit\lib;C:\ProgramData\chocolatey\lib\tinyxml2\lib;C:\ProgramData\chocolatey\lib\log4cxx\lib;C:\ProgramData\chocolatey\lib\bullet\lib;C:\Program Files (x86)\PWPW\;C:\Program Files\PWPW\;C:\Program Files (x86)\Windows Kits\10\Windows Performance Toolkit\;C:\Program Files\PuTTY\;C:\Program Files (x86)\STMicroelectronics\STM32 ST-LINK Utility\ST-LINK Utility;C:\terraform;C:\Program Files\Docker\Docker\resources\bin;C:\ProgramData\DockerDesktop\version-bin;C:\Program Files\MATLAB\R2021b\bin;C:\Program Files\Go\bin;C:\Program Files (x86)\Atmel\Studio\7.0\toolchain\avr8\avr8-gnu-toolchain\bin;C:\Program Files (x86)\Arduino\hardware\tools\avr\bin;C:\Users\Rokas\.cargo\bin;C:\Users\Rokas\AppData\Local\Microsoft\WindowsApps;C:\Users\Rokas\AppData\Local\GitHubDesktop\bin;C:\Users\Rokas\.dotnet\tools;C:\Users\Rokas\AppData\Roaming\npm;C:\Program Files\JetBrains\PyCharm Community Edition 2020.3.3\bin;;C:\Program Files\OpenSSL-Win64\bin\;C:\opencv\x64\vc16\bin;C:\Program Files\CMake\bin;C:\Users\Rokas\AppData\Local\Programs\Microsoft VS Code\bin;C:\terraform;C:\Users\Rokas\go\bin;C:\Program Files (x86)\Atmel\Studio\7.0\toolchain\avr8\avr8-gnu-toolchain\bin;C:\Program Files (x86)\Arduino\hardware\tools\avr\bin;
# makefile
.DEFAULT_GOAL := Burn
# environment
OPENCV_DIR = C:\opencv
# default
MAKE_VERSION := 4.3
# makefile (from 'Makefile', line 9)
AVRDUDE := avrdude
# makefile (from 'Makefile', line 18)
HFLAGS = -j .text -j .data -O ihex
# environment
PROGRAMFILES(X86) = C:\Program Files (x86)
# environment
USERDOMAIN_ROAMINGPROFILE = DESKTOP-DV7J4R9
# environment
NUMBER_OF_PROCESSORS = 4
# environment
PUBLIC = C:\Users\Public
# environment
APPDATA = C:\Users\Rokas\AppData\Roaming
# makefile (from 'Makefile', line 12)
CFLAGS = -g -Os -o
# environment
HOMEDRIVE = C:
# environment
SUPERLUMINAL_API_DIR = C:\Program Files\Superluminal\Performance\API
# environment
PROCESSOR_ARCHITECTURE = x86
# environment
PYCHARM COMMUNITY EDITION = C:\Program Files\JetBrains\PyCharm Community Edition 2020.3.3\bin;
# environment
VSCODE_AMD_ENTRYPOINT = vs/workbench/services/extensions/node/extensionHostProcess
# environment
PLATFORMIO_IDE = 2.4.2
# environment
COMMONPROGRAMFILES(X86) = C:\Program Files (x86)\Common Files
# environment
ELECTRON_RUN_AS_NODE = 1
# environment
TEMP = C:\Users\Rokas\AppData\Local\Temp
# environment
VSCODE_IPC_HOOK = \\.\pipe\073c98968f18697e59f256fac9d22223-1.64.2-main-sock
# default
.RECIPEPREFIX := 
# automatic
<F = $(notdir $<)
# default
SUFFIXES := 
# environment
ALLUSERSPROFILE = C:\ProgramData
# environment
SESSIONNAME = Console
# default
.FEATURES := target-specific order-only second-expansion else-if shortest-stem undefine oneshell nocomment grouped-target extra-prereqs archives jobserver output-sync load
# environment
PROCESSOR_REVISION = 9e09
# makefile (from 'Makefile', line 7)
CC = avr-gcc
# makefile (from 'Makefile', line 15)
LFLAGS = -Os -mmcu=atmega2560 -o
# makefile (from 'Makefile', line 8)
OBJCOPY = avr-objcopy.exe
# environment
PROCESSOR_IDENTIFIER = Intel64 Family 6 Model 158 Stepping 9, GenuineIntel
# makefile (from 'Makefile', line 28)
DUDEFLAGS = -C"C:\Program Files (x86)\Arduino\hardware\tools\avr\etc\avrdude.conf" -patmega2560 -cwiring -P\\.\COM3 -b115200 -D -U flash:w:$(MAIN_HEX_PATH):i
# variable set hash-table stats:
# Load=119/1024=12%, Rehash=0, Collisions=34/166=20%

# Pattern-specific Variable Values

# No pattern-specific variable values.

# Directories

# . (key c:/Users/Rokas/Desktop/SEMESTERS/7Semester/HWP1/Session1, mtime 1644681675): 8 files, no impossibilities.

# 8 files, no impossibilities in 1 directories.

# Implicit Rules

# No implicit rules.

# Files

main.elf: main.o
#  Implicit rule search has not been done.
#  Modification time never checked.
#  File has not been updated.
#  recipe to execute (from 'Makefile', line 46):
	$(CC) $(SRC) $(INCLUDE) $(LFLAGS) $@
	

# Not a target:
Makefile:
#  Implicit rule search has been done.
#  Last modified 2022-02-12 17:25:59
#  File has been updated.
#  Successfully updated.

Build: main.elf
#  Implicit rule search has not been done.
#  Modification time never checked.
#  File has not been updated.
#  recipe to execute (from 'Makefile', line 43):
	$(OBJCOPY) $(HFLAGS) $< $(MAIN_APP).hex
	

# Not a target:
.DEFAULT:
#  Implicit rule search has not been done.
#  Modification time never checked.
#  File has not been updated.

# Not a target:
all:
#  Command line target.
#  Implicit rule search has been done.
#  File does not exist.
#  File has not been updated.

# Not a target:
main.c:
#  Implicit rule search has not been done.
#  Modification time never checked.
#  File has not been updated.

main.o: main.c
#  Implicit rule search has not been done.
#  Modification time never checked.
#  File has not been updated.
#  recipe to execute (from 'Makefile', line 49):
	$(CC) $^ $(INCLUDE) $(CFLAGS) $@

Burn: Build
#  Implicit rule s 
earch has not been done.
#  Modification time never checked.
#  File has not been updated.
#  recipe to execute (from 'Makefile', line 40):
	$(AVRDUDE) $(DUDEFLAGS)

# files hash-table stats:
# Load=9/1024=1%, Rehash=0, Collisions=0/26=0%
# VPATH Search Paths

# No 'vpath' search paths.

# No general ('VPATH' variable) search path.

# strcache buffers: 1 (0) / strings = 13 / storage = 88 B / avg = 6 B
# current buf: size = 8174 B / used = 88 B / count = 13 / avg = 6 B

# strcache performance: lookups = 27 / hit rate = 51%
# hash-table stats:
# Load=13/8192=0%, Rehash=0, Collisions=0/27=0%
# Finished Make data base on Sat Feb 12 17:26:00 2022

 
